[2025-11-15 18:18:00] --- LOGGING STARTED ---
[2025-11-15 18:18:00] MAIN: Starting Storage Server...
[2025-11-15 18:18:00] MAIN: Initializing metadata hash table...
[2025-11-15 18:18:00] Loading 36 metadata entries from ss_data/metadata.db...
[2025-11-15 18:18:00] Nested metadata hash table initialized: 1024 outer buckets × 64 inner buckets (1024 locks)
[2025-11-15 18:18:00] DEBUG: Lazily created inner table for outer bucket 32
[2025-11-15 18:18:00] Inserted metadata for: weird (owner: unknown, size: 0, words: 0, chars: 0)
[2025-11-15 18:18:00] DEBUG: Lazily created inner table for outer bucket 34
[2025-11-15 18:18:00] Inserted metadata for: aSDHUIHDSAIUHdaUSHD (owner: unknown, size: 0, words: 0, chars: 0)
[2025-11-15 18:18:00] DEBUG: Lazily created inner table for outer bucket 98
[2025-11-15 18:18:00] Inserted metadata for: writetest2 (owner: unknown, size: 41, words: 7, chars: 41)
[2025-11-15 18:18:00] DEBUG: Lazily created inner table for outer bucket 101
[2025-11-15 18:18:00] Inserted metadata for: test (owner: unknown, size: 49, words: 8, chars: 49)
[2025-11-15 18:18:00] DEBUG: Lazily created inner table for outer bucket 183
[2025-11-15 18:18:00] Inserted metadata for: 137821376123dsfbsdfdf (owner: unknown, size: 0, words: 0, chars: 0)
[2025-11-15 18:18:00] DEBUG: Lazily created inner table for outer bucket 252
[2025-11-15 18:18:00] Inserted metadata for: DFAHWEJNSDJHAFBJDSFBHADSGFJKDASBFJHBDSFJHBAJFHASHJDGFJHSDGFAJSDF (owner: unknown, size: 0, words: 0, chars: 0)
[2025-11-15 18:18:00] DEBUG: Lazily created inner table for outer bucket 300
[2025-11-15 18:18:00] Inserted metadata for: 218376128736128736187236128736 (owner: unknown, size: 0, words: 0, chars: 0)
[2025-11-15 18:18:00] DEBUG: Lazily created inner table for outer bucket 333
[2025-11-15 18:18:00] Inserted metadata for: JKFiuewahilurfhljhzdfsk (owner: unknown, size: 0, words: 0, chars: 0)
[2025-11-15 18:18:00] DEBUG: Lazily created inner table for outer bucket 377
[2025-11-15 18:18:00] Inserted metadata for: testt (owner: unknown, size: 0, words: 0, chars: 0)
[2025-11-15 18:18:00] DEBUG: Lazily created inner table for outer bucket 402
[2025-11-15 18:18:00] Inserted metadata for: 1237612837612873612873612873618723612 (owner: unknown, size: 0, words: 0, chars: 0)
[2025-11-15 18:18:00] DEBUG: Lazily created inner table for outer bucket 421
[2025-11-15 18:18:00] Inserted metadata for: ;'[]-=[];'[]-= (owner: unknown, size: 0, words: 0, chars: 0)
[2025-11-15 18:18:00] DEBUG: Lazily created inner table for outer bucket 460
[2025-11-15 18:18:00] Inserted metadata for: ' (owner: unknown, size: 0, words: 0, chars: 0)
[2025-11-15 18:18:00] DEBUG: Lazily created inner table for outer bucket 463
[2025-11-15 18:18:00] Inserted metadata for: diquwhasdkshdkashdkashd (owner: unknown, size: 0, words: 0, chars: 0)
[2025-11-15 18:18:00] DEBUG: Lazily created inner table for outer bucket 465
[2025-11-15 18:18:00] Inserted metadata for: , (owner: unknown, size: 0, words: 0, chars: 0)
[2025-11-15 18:18:00] DEBUG: Lazily created inner table for outer bucket 470
[2025-11-15 18:18:00] Inserted metadata for: 1 (owner: unknown, size: 0, words: 0, chars: 0)
[2025-11-15 18:18:00] DEBUG: Lazily created inner table for outer bucket 471
[2025-11-15 18:18:00] Inserted metadata for: 2 (owner: unknown, size: 0, words: 0, chars: 0)
[2025-11-15 18:18:00] DEBUG: Lazily created inner table for outer bucket 480
[2025-11-15 18:18:00] Inserted metadata for: ; (owner: unknown, size: 0, words: 0, chars: 0)
[2025-11-15 18:18:00] DEBUG: Lazily created inner table for outer bucket 491
[2025-11-15 18:18:00] Inserted metadata for: myfile (owner: unknown, size: 0, words: 0, chars: 0)
[2025-11-15 18:18:00] DEBUG: Lazily created inner table for outer bucket 496
[2025-11-15 18:18:00] Inserted metadata for: 34324234hbhbhbhbhb (owner: unknown, size: 0, words: 0, chars: 0)
[2025-11-15 18:18:00] DEBUG: Lazily created inner table for outer bucket 512
[2025-11-15 18:18:00] Inserted metadata for: fajldhfuidhsfuihewaf (owner: unknown, size: 0, words: 0, chars: 0)
[2025-11-15 18:18:00] DEBUG: Lazily created inner table for outer bucket 521
[2025-11-15 18:18:00] Inserted metadata for: d (owner: unknown, size: 0, words: 0, chars: 0)
[2025-11-15 18:18:00] DEBUG: Lazily created inner table for outer bucket 555
[2025-11-15 18:18:00] Inserted metadata for: FKJASDHFKJHSADFJKASDHJFHSKAJDHFWEHFBEUYGDASUFBYUW872HUBDUABF (owner: unknown, size: 0, words: 0, chars: 0)
[2025-11-15 18:18:00] DEBUG: Lazily created inner table for outer bucket 560
[2025-11-15 18:18:00] Inserted metadata for: writetest (owner: unknown, size: 0, words: 0, chars: 0)
[2025-11-15 18:18:00] DEBUG: Lazily created inner table for outer bucket 585
[2025-11-15 18:18:00] Inserted metadata for: 1237612378612387612783612873618273618273681273618236 (owner: unknown, size: 0, words: 0, chars: 0)
[2025-11-15 18:18:00] DEBUG: Lazily created inner table for outer bucket 681
[2025-11-15 18:18:00] Inserted metadata for: DSAJASKJDKASJDH (owner: unknown, size: 0, words: 0, chars: 0)
[2025-11-15 18:18:00] DEBUG: Lazily created inner table for outer bucket 687
[2025-11-15 18:18:00] Inserted metadata for: sjhdsakdhaskdhaksdh (owner: unknown, size: 0, words: 0, chars: 0)
[2025-11-15 18:18:00] DEBUG: Lazily created inner table for outer bucket 733
[2025-11-15 18:18:00] Inserted metadata for: dddddddddddddddddddddd (owner: unknown, size: 0, words: 0, chars: 0)
[2025-11-15 18:18:00] Inserted metadata for: 2312763127631237 (owner: unknown, size: 0, words: 0, chars: 0)
[2025-11-15 18:18:00] DEBUG: Lazily created inner table for outer bucket 746
[2025-11-15 18:18:00] Inserted metadata for: DASKJDLASKJDASKJDLASDJ (owner: unknown, size: 0, words: 0, chars: 0)
[2025-11-15 18:18:00] DEBUG: Lazily created inner table for outer bucket 766
[2025-11-15 18:18:00] Inserted metadata for: DFHISADHFJASDFJAHDSF (owner: unknown, size: 0, words: 0, chars: 0)
[2025-11-15 18:18:00] DEBUG: Lazily created inner table for outer bucket 775
[2025-11-15 18:18:00] Inserted metadata for: a.6pm (owner: nov15_run6pm, size: 0, words: 0, chars: 0)
[2025-11-15 18:18:00] DEBUG: Lazily created inner table for outer bucket 875
[2025-11-15 18:18:00] Inserted metadata for: adfjskl;jfa; (owner: unknown, size: 0, words: 0, chars: 0)
[2025-11-15 18:18:00] DEBUG: Lazily created inner table for outer bucket 930
[2025-11-15 18:18:00] Inserted metadata for: [][][][][][][][][][][][]][][][][][][][][][][][][][][][][] (owner: unknown, size: 0, words: 0, chars: 0)
[2025-11-15 18:18:00] DEBUG: Lazily created inner table for outer bucket 933
[2025-11-15 18:18:00] Inserted metadata for: dddddddddddddddddddddddddddddddddddddddd (owner: unknown, size: 0, words: 0, chars: 0)
[2025-11-15 18:18:00] DEBUG: Lazily created inner table for outer bucket 1015
[2025-11-15 18:18:00] Inserted metadata for: FEWURHUDBSFVJHBHFGDSDSDASFADSFDSAFF (owner: unknown, size: 0, words: 0, chars: 0)
[2025-11-15 18:18:00] Inserted metadata for: dasndaklsjdlasjkdaskjdlasjdlajd (owner: unknown, size: 0, words: 0, chars: 0)
[2025-11-15 18:18:00] Loaded 36/36 metadata entries from ss_data/metadata.db
[2025-11-15 18:18:00] MAIN: Loaded metadata for 36 files from disk
[2025-11-15 18:18:00] MAIN: Connected to Name Server. Scanning local files...
[2025-11-15 18:18:00] MAIN: Found 36 local files. Registering...
[2025-11-15 18:18:00] Updated metadata for: ,
[2025-11-15 18:18:00] MAIN: Updated ',' in metadata table
[2025-11-15 18:18:00] Updated metadata for: dasndaklsjdlasjkdaskjdlasjdlajd
[2025-11-15 18:18:00] MAIN: Updated 'dasndaklsjdlasjkdaskjdlasjdlajd' in metadata table
[2025-11-15 18:18:00] Updated metadata for: 2
[2025-11-15 18:18:00] MAIN: Updated '2' in metadata table
[2025-11-15 18:18:00] Updated metadata for: dddddddddddddddddddddddddddddddddddddddd
[2025-11-15 18:18:00] MAIN: Updated 'dddddddddddddddddddddddddddddddddddddddd' in metadata table
[2025-11-15 18:18:00] Updated metadata for: ;'[]-=[];'[]-=
[2025-11-15 18:18:00] MAIN: Updated ';'[]-=[];'[]-=' in metadata table
[2025-11-15 18:18:00] Updated metadata for: [][][][][][][][][][][][]][][][][][][][][][][][][][][][][]
[2025-11-15 18:18:00] MAIN: Updated '[][][][][][][][][][][][]][][][][][][][][][][][][][][][][]' in metadata table
[2025-11-15 18:18:00] Updated metadata for: ;
[2025-11-15 18:18:00] MAIN: Updated ';' in metadata table
[2025-11-15 18:18:00] Updated metadata for: diquwhasdkshdkashdkashd
[2025-11-15 18:18:00] MAIN: Updated 'diquwhasdkshdkashdkashd' in metadata table
[2025-11-15 18:18:00] Updated metadata for: d
[2025-11-15 18:18:00] MAIN: Updated 'd' in metadata table
[2025-11-15 18:18:00] Updated metadata for: DFHISADHFJASDFJAHDSF
[2025-11-15 18:18:00] MAIN: Updated 'DFHISADHFJASDFJAHDSF' in metadata table
[2025-11-15 18:18:00] Updated metadata for: myfile
[2025-11-15 18:18:00] MAIN: Updated 'myfile' in metadata table
[2025-11-15 18:18:00] Updated metadata for: dddddddddddddddddddddd
[2025-11-15 18:18:00] MAIN: Updated 'dddddddddddddddddddddd' in metadata table
[2025-11-15 18:18:00] Updated metadata for: 1
[2025-11-15 18:18:00] MAIN: Updated '1' in metadata table
[2025-11-15 18:18:00] Updated metadata for: aSDHUIHDSAIUHdaUSHD
[2025-11-15 18:18:00] MAIN: Updated 'aSDHUIHDSAIUHdaUSHD' in metadata table
[2025-11-15 18:18:00] Updated metadata for: 34324234hbhbhbhbhb
[2025-11-15 18:18:00] MAIN: Updated '34324234hbhbhbhbhb' in metadata table
[2025-11-15 18:18:00] Updated metadata for: 2312763127631237
[2025-11-15 18:18:00] MAIN: Updated '2312763127631237' in metadata table
[2025-11-15 18:18:00] Updated metadata for: FKJASDHFKJHSADFJKASDHJFHSKAJDHFWEHFBEUYGDASUFBYUW872HUBDUABF
[2025-11-15 18:18:00] MAIN: Updated 'FKJASDHFKJHSADFJKASDHJFHSKAJDHFWEHFBEUYGDASUFBYUW872HUBDUABF' in metadata table
[2025-11-15 18:18:00] Updated metadata for: '
[2025-11-15 18:18:00] MAIN: Updated ''' in metadata table
[2025-11-15 18:18:00] Updated metadata for: test
[2025-11-15 18:18:00] MAIN: Updated 'test' in metadata table
[2025-11-15 18:18:00] Updated metadata for: FEWURHUDBSFVJHBHFGDSDSDASFADSFDSAFF
[2025-11-15 18:18:00] MAIN: Updated 'FEWURHUDBSFVJHBHFGDSDSDASFADSFDSAFF' in metadata table
[2025-11-15 18:18:00] Updated metadata for: 1237612378612387612783612873618273618273681273618236
[2025-11-15 18:18:00] MAIN: Updated '1237612378612387612783612873618273618273681273618236' in metadata table
[2025-11-15 18:18:00] Updated metadata for: weird
[2025-11-15 18:18:00] MAIN: Updated 'weird' in metadata table
[2025-11-15 18:18:00] Updated metadata for: fajldhfuidhsfuihewaf
[2025-11-15 18:18:00] MAIN: Updated 'fajldhfuidhsfuihewaf' in metadata table
[2025-11-15 18:18:00] Updated metadata for: DASKJDLASKJDASKJDLASDJ
[2025-11-15 18:18:00] MAIN: Updated 'DASKJDLASKJDASKJDLASDJ' in metadata table
[2025-11-15 18:18:00] Updated metadata for: sjhdsakdhaskdhaksdh
[2025-11-15 18:18:00] MAIN: Updated 'sjhdsakdhaskdhaksdh' in metadata table
[2025-11-15 18:18:00] Updated metadata for: a.6pm
[2025-11-15 18:18:00] MAIN: Updated 'a.6pm' in metadata table
[2025-11-15 18:18:00] Updated metadata for: 137821376123dsfbsdfdf
[2025-11-15 18:18:00] MAIN: Updated '137821376123dsfbsdfdf' in metadata table
[2025-11-15 18:18:00] Updated metadata for: writetest
[2025-11-15 18:18:00] MAIN: Updated 'writetest' in metadata table
[2025-11-15 18:18:00] Updated metadata for: writetest2
[2025-11-15 18:18:00] MAIN: Updated 'writetest2' in metadata table
[2025-11-15 18:18:00] Updated metadata for: 218376128736128736187236128736
[2025-11-15 18:18:00] MAIN: Updated '218376128736128736187236128736' in metadata table
[2025-11-15 18:18:00] Updated metadata for: DFAHWEJNSDJHAFBJDSFBHADSGFJKDASBFJHBDSFJHBAJFHASHJDGFJHSDGFAJSDF
[2025-11-15 18:18:00] MAIN: Updated 'DFAHWEJNSDJHAFBJDSFBHADSGFJKDASBFJHBDSFJHBAJFHASHJDGFJHSDGFAJSDF' in metadata table
[2025-11-15 18:18:00] Updated metadata for: testt
[2025-11-15 18:18:00] MAIN: Updated 'testt' in metadata table
[2025-11-15 18:18:00] Updated metadata for: adfjskl;jfa;
[2025-11-15 18:18:00] MAIN: Updated 'adfjskl;jfa;' in metadata table
[2025-11-15 18:18:00] Updated metadata for: JKFiuewahilurfhljhzdfsk
[2025-11-15 18:18:00] MAIN: Updated 'JKFiuewahilurfhljhzdfsk' in metadata table
[2025-11-15 18:18:00] Updated metadata for: 1237612837612873612873612873618723612
[2025-11-15 18:18:00] MAIN: Updated '1237612837612873612873612873618723612' in metadata table
[2025-11-15 18:18:00] Updated metadata for: DSAJASKJDKASJDH
[2025-11-15 18:18:00] MAIN: Updated 'DSAJASKJDKASJDH' in metadata table
[2025-11-15 18:18:00] MAIN: Registration complete. This SS ID is 0
[2025-11-15 18:18:00] MAIN: Listening for Clients and NS on port 9001
[2025-11-15 18:18:00] MAIN: Listening for Replication on port 9002
[2025-11-15 18:18:00] CHECKPOINT: Thread started (interval: 60 seconds)
[2025-11-15 18:18:00] MAIN: All threads started. Server is running.
[2025-11-15 18:18:00] MAIN: Press Ctrl+C for graceful shutdown.
[2025-11-15 18:18:14] HANDLER: New NAME SERVER connection from 127.0.0.1 (Req: 32)
[2025-11-15 18:18:14] DEBUG: Lazily created inner table for outer bucket 592
[2025-11-15 18:18:14] Inserted metadata for: 6pm.new (owner: nov15_run6pm_2, size: 0, words: 0, chars: 0)
[2025-11-15 18:18:14] CREATE: File 6pm.new created by nov15_run6pm_2
[2025-11-15 18:18:14] REPL: Scheduling update for 6pm.new
[2025-11-15 18:18:14] HANDLER: Closing connection from 127.0.0.1
[2025-11-15 18:18:14] REPL: Connected to backup. Replicating update for 6pm.new...
[2025-11-15 18:18:14] REPL_IN: New incoming replication connection
[2025-11-15 18:18:14] REPL_IN: Receiving replica for 6pm.new (0 bytes)
[2025-11-15 18:18:14] REPL: Successfully replicated 6pm.new (0 bytes)
[2025-11-15 18:18:14] REPL_IN: Finished receiving 6pm.new
[2025-11-15 18:18:14] REPL: ACK received for file 6pm.new
[2025-11-15 18:18:20] HANDLER: New NAME SERVER connection from 127.0.0.1 (Req: 34)
[2025-11-15 18:18:20] INFO: Returning cached metadata for 6pm.new (size: 0, words: 0, chars: 0)
[2025-11-15 18:18:20] HANDLER: Closing connection from 127.0.0.1
[2025-11-15 18:18:37] HANDLER: New CLIENT connection from 127.0.0.1 (Req: 42)
[2025-11-15 18:18:37] WRITE: Locked file 6pm.new (sentence 1)
[2025-11-15 18:18:49] Updated size for 6pm.new: 11 bytes
[2025-11-15 18:18:49] Updated counts for 6pm.new: 2 words, 11 chars
[2025-11-15 18:18:49] WRITE: Updated metadata for 6pm.new (size: 11, words: 2, chars: 11)
[2025-11-15 18:18:49] WRITE: Completed for 6pm.new (sentence 1)
[2025-11-15 18:18:49] REPL: Scheduling update for 6pm.new
[2025-11-15 18:18:49] REPL: Connected to backup. Replicating update for 6pm.new...
[2025-11-15 18:18:49] REPL_IN: New incoming replication connection
[2025-11-15 18:18:49] REPL_IN: Receiving replica for 6pm.new (11 bytes)
[2025-11-15 18:18:49] REPL: Successfully replicated 6pm.new (11 bytes)
[2025-11-15 18:18:49] REPL_IN: Finished receiving 6pm.new
[2025-11-15 18:18:49] REPL: ACK received for file 6pm.new
[2025-11-15 18:18:52] HANDLER: New CLIENT connection from 127.0.0.1 (Req: 40)
[2025-11-15 18:18:52] READ: Starting read for file 6pm.new
[2025-11-15 18:18:52] READ: Full path is ss_data/files/6pm.new
[2025-11-15 18:18:52] READ: File opened successfully, starting to read chunks
[2025-11-15 18:18:52] READ: Chunk 1 - read 11 bytes, is_final=1
[2025-11-15 18:18:52] READ: Chunk 1 sent
[2025-11-15 18:18:52] READ: Read complete for 6pm.new, sent 1 chunks
[2025-11-15 18:18:52] HANDLER: Closing connection from 127.0.0.1
[2025-11-15 18:18:55] HANDLER: New NAME SERVER connection from 127.0.0.1 (Req: 34)
[2025-11-15 18:18:55] INFO: Returning cached metadata for 6pm.new (size: 11, words: 2, chars: 11)
[2025-11-15 18:18:55] HANDLER: Closing connection from 127.0.0.1
[2025-11-15 18:19:00] HANDLER: New NAME SERVER connection from 127.0.0.1 (Req: 32)
[2025-11-15 18:19:00] DEBUG: Lazily created inner table for outer bucket 25
[2025-11-15 18:19:00] Inserted metadata for: dsjahdkjashdkasjhdash (owner: nov15_run6pm_2, size: 0, words: 0, chars: 0)
[2025-11-15 18:19:00] CREATE: File dsjahdkjashdkasjhdash created by nov15_run6pm_2
[2025-11-15 18:19:00] REPL: Scheduling update for dsjahdkjashdkasjhdash
[2025-11-15 18:19:00] HANDLER: Closing connection from 127.0.0.1
[2025-11-15 18:19:00] REPL: Connected to backup. Replicating update for dsjahdkjashdkasjhdash...
[2025-11-15 18:19:00] REPL_IN: New incoming replication connection
[2025-11-15 18:19:00] REPL_IN: Receiving replica for dsjahdkjashdkasjhdash (0 bytes)
[2025-11-15 18:19:00] REPL: Successfully replicated dsjahdkjashdkasjhdash (0 bytes)
[2025-11-15 18:19:00] REPL_IN: Finished receiving dsjahdkjashdkasjhdash
[2025-11-15 18:19:00] REPL: ACK received for file dsjahdkjashdkasjhdash
[2025-11-15 18:19:00] CHECKPOINT: Saving metadata to disk...
[2025-11-15 18:19:00] Saving metadata to ss_data/metadata.db (atomic snapshot)...
[2025-11-15 18:19:00] Successfully saved 38 metadata entries (atomic snapshot)
[2025-11-15 18:19:00] CHECKPOINT: Metadata saved successfully (38 entries)
[2025-11-15 18:19:03] HANDLER: New NAME SERVER connection from 127.0.0.1 (Req: 32)
[2025-11-15 18:19:03] DEBUG: Lazily created inner table for outer bucket 518
[2025-11-15 18:19:03] Inserted metadata for: sdajhdkajhsdkasjhdaksjhdkashdakjs (owner: nov15_run6pm_2, size: 0, words: 0, chars: 0)
[2025-11-15 18:19:03] CREATE: File sdajhdkajhsdkasjhdaksjhdkashdakjs created by nov15_run6pm_2
[2025-11-15 18:19:03] REPL: Scheduling update for sdajhdkajhsdkasjhdaksjhdkashdakjs
[2025-11-15 18:19:03] HANDLER: Closing connection from 127.0.0.1
[2025-11-15 18:19:03] REPL: Connected to backup. Replicating update for sdajhdkajhsdkasjhdaksjhdkashdakjs...
[2025-11-15 18:19:03] REPL_IN: New incoming replication connection
[2025-11-15 18:19:03] REPL_IN: Receiving replica for sdajhdkajhsdkasjhdaksjhdkashdakjs (0 bytes)
[2025-11-15 18:19:03] REPL: Successfully replicated sdajhdkajhsdkasjhdaksjhdkashdakjs (0 bytes)
[2025-11-15 18:19:03] REPL_IN: Finished receiving sdajhdkajhsdkasjhdaksjhdkashdakjs
[2025-11-15 18:19:03] REPL: ACK received for file sdajhdkajhsdkasjhdaksjhdkashdakjs
[2025-11-15 18:19:05] HANDLER: New NAME SERVER connection from 127.0.0.1 (Req: 32)
[2025-11-15 18:19:05] DEBUG: Lazily created inner table for outer bucket 694
[2025-11-15 18:19:05] Inserted metadata for: eqye1287y31298dhvjadbajshbdsajhbd (owner: nov15_run6pm_2, size: 0, words: 0, chars: 0)
[2025-11-15 18:19:05] CREATE: File eqye1287y31298dhvjadbajshbdsajhbd created by nov15_run6pm_2
[2025-11-15 18:19:05] REPL: Scheduling update for eqye1287y31298dhvjadbajshbdsajhbd
[2025-11-15 18:19:05] HANDLER: Closing connection from 127.0.0.1
[2025-11-15 18:19:05] REPL: Connected to backup. Replicating update for eqye1287y31298dhvjadbajshbdsajhbd...
[2025-11-15 18:19:05] REPL_IN: New incoming replication connection
[2025-11-15 18:19:05] REPL_IN: Receiving replica for eqye1287y31298dhvjadbajshbdsajhbd (0 bytes)
[2025-11-15 18:19:05] REPL: Successfully replicated eqye1287y31298dhvjadbajshbdsajhbd (0 bytes)
[2025-11-15 18:19:05] REPL_IN: Finished receiving eqye1287y31298dhvjadbajshbdsajhbd
[2025-11-15 18:19:05] REPL: ACK received for file eqye1287y31298dhvjadbajshbdsajhbd
[2025-11-15 18:19:09] HANDLER: New NAME SERVER connection from 127.0.0.1 (Req: 32)
[2025-11-15 18:19:09] DEBUG: Lazily created inner table for outer bucket 155
[2025-11-15 18:19:09] Inserted metadata for: 18923719823712983712hbjahdbajsdjasbdjasdhjasdbjasd (owner: nov15_run6pm_2, size: 0, words: 0, chars: 0)
[2025-11-15 18:19:09] CREATE: File 18923719823712983712hbjahdbajsdjasbdjasdhjasdbjasd created by nov15_run6pm_2
[2025-11-15 18:19:09] REPL: Scheduling update for 18923719823712983712hbjahdbajsdjasbdjasdhjasdbjasd
[2025-11-15 18:19:09] HANDLER: Closing connection from 127.0.0.1
[2025-11-15 18:19:09] REPL: Connected to backup. Replicating update for 18923719823712983712hbjahdbajsdjasbdjasdhjasdbjasd...
[2025-11-15 18:19:09] REPL: Successfully replicated 18923719823712983712hbjahdbajsdjasbdjasdhjasdbjasd (0 bytes)
[2025-11-15 18:19:09] REPL_IN: New incoming replication connection
[2025-11-15 18:19:09] REPL_IN: Receiving replica for 18923719823712983712hbjahdbajsdjasbdjasdhjasdbjasd (0 bytes)
[2025-11-15 18:19:09] REPL_IN: Finished receiving 18923719823712983712hbjahdbajsdjasbdjasdhjasdbjasd
[2025-11-15 18:19:09] REPL: ACK received for file 18923719823712983712hbjahdbajsdjasbdjasdhjasdbjasd
[2025-11-15 18:19:12] HANDLER: New NAME SERVER connection from 127.0.0.1 (Req: 32)
[2025-11-15 18:19:12] DEBUG: Lazily created inner table for outer bucket 251
[2025-11-15 18:19:12] Inserted metadata for: 31298937192837198237bdasjhsadjasdjhasd (owner: nov15_run6pm_2, size: 0, words: 0, chars: 0)
[2025-11-15 18:19:12] CREATE: File 31298937192837198237bdasjhsadjasdjhasd created by nov15_run6pm_2
[2025-11-15 18:19:12] REPL: Scheduling update for 31298937192837198237bdasjhsadjasdjhasd
[2025-11-15 18:19:12] HANDLER: Closing connection from 127.0.0.1
[2025-11-15 18:19:12] REPL: Connected to backup. Replicating update for 31298937192837198237bdasjhsadjasdjhasd...
[2025-11-15 18:19:12] REPL: Successfully replicated 31298937192837198237bdasjhsadjasdjhasd (0 bytes)
[2025-11-15 18:19:12] REPL_IN: New incoming replication connection
[2025-11-15 18:19:12] REPL_IN: Receiving replica for 31298937192837198237bdasjhsadjasdjhasd (0 bytes)
[2025-11-15 18:19:12] REPL_IN: Finished receiving 31298937192837198237bdasjhsadjasdjhasd
[2025-11-15 18:19:12] REPL: ACK received for file 31298937192837198237bdasjhsadjasdjhasd
[2025-11-15 18:19:15] HANDLER: New NAME SERVER connection from 127.0.0.1 (Req: 32)
[2025-11-15 18:19:15] DEBUG: Lazily created inner table for outer bucket 601
[2025-11-15 18:19:15] Inserted metadata for: 1287319237912371283jhsdasgdajsgdjasghdajsgdjadhs (owner: nov15_run6pm_2, size: 0, words: 0, chars: 0)
[2025-11-15 18:19:15] CREATE: File 1287319237912371283jhsdasgdajsgdjasghdajsgdjadhs created by nov15_run6pm_2
[2025-11-15 18:19:15] REPL: Scheduling update for 1287319237912371283jhsdasgdajsgdjasghdajsgdjadhs
[2025-11-15 18:19:15] HANDLER: Closing connection from 127.0.0.1
[2025-11-15 18:19:15] REPL: Connected to backup. Replicating update for 1287319237912371283jhsdasgdajsgdjasghdajsgdjadhs...
[2025-11-15 18:19:15] REPL_IN: New incoming replication connection
[2025-11-15 18:19:15] REPL_IN: Receiving replica for 1287319237912371283jhsdasgdajsgdjasghdajsgdjadhs (0 bytes)
[2025-11-15 18:19:15] REPL: Successfully replicated 1287319237912371283jhsdasgdajsgdjasghdajsgdjadhs (0 bytes)
[2025-11-15 18:19:15] REPL_IN: Finished receiving 1287319237912371283jhsdasgdajsgdjasghdajsgdjadhs
[2025-11-15 18:19:15] REPL: ACK received for file 1287319237912371283jhsdasgdajsgdjasghdajsgdjadhs
[2025-11-15 18:19:19] HANDLER: New NAME SERVER connection from 127.0.0.1 (Req: 32)
[2025-11-15 18:19:19] DEBUG: Lazily created inner table for outer bucket 63
[2025-11-15 18:19:19] Inserted metadata for: 123812837129387129sdhakashdkjhasdkhaskdhaksdhd (owner: nov15_run6pm_2, size: 0, words: 0, chars: 0)
[2025-11-15 18:19:19] CREATE: File 123812837129387129sdhakashdkjhasdkhaskdhaksdhd created by nov15_run6pm_2
[2025-11-15 18:19:19] REPL: Scheduling update for 123812837129387129sdhakashdkjhasdkhaskdhaksdhd
[2025-11-15 18:19:19] HANDLER: Closing connection from 127.0.0.1
[2025-11-15 18:19:19] REPL_IN: New incoming replication connection
[2025-11-15 18:19:19] REPL: Connected to backup. Replicating update for 123812837129387129sdhakashdkjhasdkhaskdhaksdhd...
[2025-11-15 18:19:19] REPL: Successfully replicated 123812837129387129sdhakashdkjhasdkhaskdhaksdhd (0 bytes)
[2025-11-15 18:19:19] REPL_IN: Receiving replica for 123812837129387129sdhakashdkjhasdkhaskdhaksdhd (0 bytes)
[2025-11-15 18:19:19] REPL_IN: Finished receiving 123812837129387129sdhakashdkjhasdkhaskdhaksdhd
[2025-11-15 18:19:19] REPL: ACK received for file 123812837129387129sdhakashdkjhasdkhaskdhaksdhd
[2025-11-15 18:19:23] HANDLER: New NAME SERVER connection from 127.0.0.1 (Req: 32)
[2025-11-15 18:19:23] DEBUG: Lazily created inner table for outer bucket 675
[2025-11-15 18:19:23] Inserted metadata for: 2138719823719371298jahsdkjhasdkhasdkhasdkahsdkhasdkhaskdhj (owner: nov15_run6pm_2, size: 0, words: 0, chars: 0)
[2025-11-15 18:19:23] CREATE: File 2138719823719371298jahsdkjhasdkhasdkhasdkahsdkhasdkhaskdhj created by nov15_run6pm_2
[2025-11-15 18:19:23] REPL: Scheduling update for 2138719823719371298jahsdkjhasdkhasdkhasdkahsdkhasdkhaskdhj
[2025-11-15 18:19:23] HANDLER: Closing connection from 127.0.0.1
[2025-11-15 18:19:23] REPL: Connected to backup. Replicating update for 2138719823719371298jahsdkjhasdkhasdkhasdkahsdkhasdkhaskdhj...
[2025-11-15 18:19:23] REPL: Successfully replicated 2138719823719371298jahsdkjhasdkhasdkhasdkahsdkhasdkhaskdhj (0 bytes)
[2025-11-15 18:19:23] REPL_IN: New incoming replication connection
[2025-11-15 18:19:23] REPL_IN: Receiving replica for 2138719823719371298jahsdkjhasdkhasdkhasdkahsdkhasdkhaskdhj (0 bytes)
[2025-11-15 18:19:23] REPL_IN: Finished receiving 2138719823719371298jahsdkjhasdkhasdkhasdkahsdkhasdkhaskdhj
[2025-11-15 18:19:23] REPL: ACK received for file 2138719823719371298jahsdkjhasdkhasdkhasdkahsdkhasdkhaskdhj
[2025-11-15 18:19:27] HANDLER: New NAME SERVER connection from 127.0.0.1 (Req: 32)
[2025-11-15 18:19:27] DEBUG: Lazily created inner table for outer bucket 178
[2025-11-15 18:19:27] Inserted metadata for: 213189237192837129837198jaskhdakjshdkasjhdkajshdkashkasdhaksjdh (owner: nov15_run6pm_2, size: 0, words: 0, chars: 0)
[2025-11-15 18:19:27] CREATE: File 213189237192837129837198jaskhdakjshdkasjhdkajshdkashkasdhaksjdh created by nov15_run6pm_2
[2025-11-15 18:19:27] REPL: Scheduling update for 213189237192837129837198jaskhdakjshdkasjhdkajshdkashkasdhaksjdh
[2025-11-15 18:19:27] HANDLER: Closing connection from 127.0.0.1
[2025-11-15 18:19:27] REPL: Connected to backup. Replicating update for 213189237192837129837198jaskhdakjshdkasjhdkajshdkashkasdhaksjdh...
[2025-11-15 18:19:27] REPL_IN: New incoming replication connection
[2025-11-15 18:19:27] REPL: Successfully replicated 213189237192837129837198jaskhdakjshdkasjhdkajshdkashkasdhaksjdh (0 bytes)
[2025-11-15 18:19:27] REPL_IN: Receiving replica for 213189237192837129837198jaskhdakjshdkasjhdkajshdkashkasdhaksjdh (0 bytes)
[2025-11-15 18:19:27] REPL_IN: Finished receiving 213189237192837129837198jaskhdakjshdkasjhdkajshdkashkasdhaksjdh
[2025-11-15 18:19:27] REPL: ACK received for file 213189237192837129837198jaskhdakjshdkasjhdkajshdkashkasdhaksjdh
[2025-11-15 18:19:32] HANDLER: New NAME SERVER connection from 127.0.0.1 (Req: 32)
[2025-11-15 18:19:32] DEBUG: Lazily created inner table for outer bucket 223
[2025-11-15 18:19:32] Inserted metadata for: 32137123712987398dkjhasdkasjhdkahdkashdkahdkshdk (owner: nov15_run6pm_2, size: 0, words: 0, chars: 0)
[2025-11-15 18:19:32] CREATE: File 32137123712987398dkjhasdkasjhdkahdkashdkahdkshdk created by nov15_run6pm_2
[2025-11-15 18:19:32] REPL: Scheduling update for 32137123712987398dkjhasdkasjhdkahdkashdkahdkshdk
[2025-11-15 18:19:32] HANDLER: Closing connection from 127.0.0.1
[2025-11-15 18:19:32] REPL: Connected to backup. Replicating update for 32137123712987398dkjhasdkasjhdkahdkashdkahdkshdk...
[2025-11-15 18:19:32] REPL_IN: New incoming replication connection
[2025-11-15 18:19:32] REPL_IN: Receiving replica for 32137123712987398dkjhasdkasjhdkahdkashdkahdkshdk (0 bytes)
[2025-11-15 18:19:32] REPL: Successfully replicated 32137123712987398dkjhasdkasjhdkahdkashdkahdkshdk (0 bytes)
[2025-11-15 18:19:32] REPL_IN: Finished receiving 32137123712987398dkjhasdkasjhdkahdkashdkahdkshdk
[2025-11-15 18:19:32] REPL: ACK received for file 32137123712987398dkjhasdkasjhdkahdkashdkahdkshdk
[2025-11-15 18:19:37] HANDLER: New NAME SERVER connection from 127.0.0.1 (Req: 32)
[2025-11-15 18:19:37] DEBUG: Lazily created inner table for outer bucket 600
[2025-11-15 18:19:37] Inserted metadata for: 12783123712837912389132jsdkajshdjsdakjhdaskjhdakdhkjadshkhads (owner: nov15_run6pm_2, size: 0, words: 0, chars: 0)
[2025-11-15 18:19:37] CREATE: File 12783123712837912389132jsdkajshdjsdakjhdaskjhdakdhkjadshkhads created by nov15_run6pm_2
[2025-11-15 18:19:37] REPL: Scheduling update for 12783123712837912389132jsdkajshdjsdakjhdaskjhdakdhkjadshkhads
[2025-11-15 18:19:37] HANDLER: Closing connection from 127.0.0.1
[2025-11-15 18:19:37] REPL: Connected to backup. Replicating update for 12783123712837912389132jsdkajshdjsdakjhdaskjhdakdhkjadshkhads...
[2025-11-15 18:19:37] REPL: Successfully replicated 12783123712837912389132jsdkajshdjsdakjhdaskjhdakdhkjadshkhads (0 bytes)
[2025-11-15 18:19:37] REPL_IN: New incoming replication connection
[2025-11-15 18:19:37] REPL_IN: Receiving replica for 12783123712837912389132jsdkajshdjsdakjhdaskjhdakdhkjadshkhads (0 bytes)
[2025-11-15 18:19:37] REPL_IN: Finished receiving 12783123712837912389132jsdkajshdjsdakjhdaskjhdakdhkjadshkhads
[2025-11-15 18:19:37] REPL: ACK received for file 12783123712837912389132jsdkajshdjsdakjhdaskjhdakdhkjadshkhads
[2025-11-15 18:19:42] HANDLER: New NAME SERVER connection from 127.0.0.1 (Req: 32)
[2025-11-15 18:19:42] DEBUG: Lazily created inner table for outer bucket 109
[2025-11-15 18:19:42] Inserted metadata for: [][][][][][][] (owner: nov15_run6pm_2, size: 0, words: 0, chars: 0)
[2025-11-15 18:19:42] CREATE: File [][][][][][][] created by nov15_run6pm_2
[2025-11-15 18:19:42] REPL: Scheduling update for [][][][][][][]
[2025-11-15 18:19:42] HANDLER: Closing connection from 127.0.0.1
[2025-11-15 18:19:42] REPL: Connected to backup. Replicating update for [][][][][][][]...
[2025-11-15 18:19:42] REPL_IN: New incoming replication connection
[2025-11-15 18:19:42] REPL_IN: Receiving replica for [][][][][][][] (0 bytes)
[2025-11-15 18:19:42] REPL: Successfully replicated [][][][][][][] (0 bytes)
[2025-11-15 18:19:42] REPL_IN: Finished receiving [][][][][][][]
[2025-11-15 18:19:42] REPL: ACK received for file [][][][][][][]
[2025-11-15 18:19:46] HANDLER: New NAME SERVER connection from 127.0.0.1 (Req: 32)
[2025-11-15 18:19:46] DEBUG: Lazily created inner table for outer bucket 789
[2025-11-15 18:19:46] Inserted metadata for: [][][][][][] (owner: nov15_run6pm_2, size: 0, words: 0, chars: 0)
[2025-11-15 18:19:46] CREATE: File [][][][][][] created by nov15_run6pm_2
[2025-11-15 18:19:46] REPL: Scheduling update for [][][][][][]
[2025-11-15 18:19:46] HANDLER: Closing connection from 127.0.0.1
[2025-11-15 18:19:46] REPL: Connected to backup. Replicating update for [][][][][][]...
[2025-11-15 18:19:46] REPL: Successfully replicated [][][][][][] (0 bytes)
[2025-11-15 18:19:46] REPL_IN: New incoming replication connection
[2025-11-15 18:19:46] REPL_IN: Receiving replica for [][][][][][] (0 bytes)
[2025-11-15 18:19:46] REPL_IN: Finished receiving [][][][][][]
[2025-11-15 18:19:46] REPL: ACK received for file [][][][][][]
[2025-11-15 18:19:51] HANDLER: New NAME SERVER connection from 127.0.0.1 (Req: 32)
[2025-11-15 18:19:51] DEBUG: Lazily created inner table for outer bucket 525
[2025-11-15 18:19:51] Inserted metadata for: h (owner: nov15_run6pm_2, size: 0, words: 0, chars: 0)
[2025-11-15 18:19:51] CREATE: File h created by nov15_run6pm_2
[2025-11-15 18:19:51] REPL: Scheduling update for h
[2025-11-15 18:19:51] HANDLER: Closing connection from 127.0.0.1
[2025-11-15 18:19:51] REPL: Connected to backup. Replicating update for h...
[2025-11-15 18:19:51] REPL_IN: New incoming replication connection
[2025-11-15 18:19:51] REPL_IN: Receiving replica for h (0 bytes)
[2025-11-15 18:19:51] REPL: Successfully replicated h (0 bytes)
[2025-11-15 18:19:51] REPL_IN: Finished receiving h
[2025-11-15 18:19:51] REPL: ACK received for file h
[2025-11-15 18:19:53] HANDLER: New NAME SERVER connection from 127.0.0.1 (Req: 32)
[2025-11-15 18:19:53] Updated metadata for: h
[2025-11-15 18:19:53] CREATE: File h created by nov15_run6pm_2
[2025-11-15 18:19:53] REPL: Scheduling update for h
[2025-11-15 18:19:53] HANDLER: Closing connection from 127.0.0.1
[2025-11-15 18:19:53] REPL: Connected to backup. Replicating update for h...
[2025-11-15 18:19:53] REPL: Successfully replicated h (0 bytes)
[2025-11-15 18:19:53] REPL_IN: New incoming replication connection
[2025-11-15 18:19:53] REPL_IN: Receiving replica for h (0 bytes)
[2025-11-15 18:19:53] REPL_IN: Finished receiving h
[2025-11-15 18:19:53] REPL: ACK received for file h
[2025-11-15 18:19:54] HANDLER: New NAME SERVER connection from 127.0.0.1 (Req: 32)
[2025-11-15 18:19:54] Updated metadata for: h
[2025-11-15 18:19:54] CREATE: File h created by nov15_run6pm_2
[2025-11-15 18:19:54] REPL: Scheduling update for h
[2025-11-15 18:19:54] HANDLER: Closing connection from 127.0.0.1
[2025-11-15 18:19:54] REPL: Connected to backup. Replicating update for h...
[2025-11-15 18:19:54] REPL_IN: New incoming replication connection
[2025-11-15 18:19:54] REPL: Successfully replicated h (0 bytes)
[2025-11-15 18:19:54] REPL_IN: Receiving replica for h (0 bytes)
[2025-11-15 18:19:54] REPL_IN: Finished receiving h
[2025-11-15 18:19:54] REPL: ACK received for file h
[2025-11-15 18:20:00] CHECKPOINT: Saving metadata to disk...
[2025-11-15 18:20:00] Saving metadata to ss_data/metadata.db (atomic snapshot)...
[2025-11-15 18:20:00] Successfully saved 51 metadata entries (atomic snapshot)
[2025-11-15 18:20:00] CHECKPOINT: Metadata saved successfully (51 entries)
[2025-11-15 18:20:03] HANDLER: New NAME SERVER connection from 127.0.0.1 (Req: 32)
[2025-11-15 18:20:03] Updated metadata for: d
[2025-11-15 18:20:03] CREATE: File d created by nov15_run6pm_2
[2025-11-15 18:20:03] REPL: Scheduling update for d
[2025-11-15 18:20:03] REPL: Connected to backup. Replicating update for d...
[2025-11-15 18:20:03] HANDLER: Closing connection from 127.0.0.1
[2025-11-15 18:20:03] REPL: Successfully replicated d (0 bytes)
[2025-11-15 18:20:03] REPL_IN: New incoming replication connection
[2025-11-15 18:20:03] REPL_IN: Receiving replica for d (0 bytes)
[2025-11-15 18:20:03] REPL_IN: Finished receiving d
[2025-11-15 18:20:03] REPL: ACK received for file d
[2025-11-15 18:20:09] HANDLER: New NAME SERVER connection from 127.0.0.1 (Req: 34)
[2025-11-15 18:20:09] INFO: Returning cached metadata for 6pm.new (size: 11, words: 2, chars: 11)
[2025-11-15 18:20:09] HANDLER: Closing connection from 127.0.0.1
[2025-11-15 18:20:09] HANDLER: New NAME SERVER connection from 127.0.0.1 (Req: 34)
[2025-11-15 18:20:09] INFO: Returning cached metadata for eqye1287y31298dhvjadbajshbdsajhbd (size: 0, words: 0, chars: 0)
[2025-11-15 18:20:09] HANDLER: Closing connection from 127.0.0.1
[2025-11-15 18:20:09] HANDLER: New NAME SERVER connection from 127.0.0.1 (Req: 34)
[2025-11-15 18:20:09] INFO: Returning cached metadata for dsjahdkjashdkasjhdash (size: 0, words: 0, chars: 0)
[2025-11-15 18:20:09] HANDLER: Closing connection from 127.0.0.1
[2025-11-15 18:20:09] HANDLER: New NAME SERVER connection from 127.0.0.1 (Req: 34)
[2025-11-15 18:20:09] INFO: Returning cached metadata for sdajhdkajhsdkasjhdaksjhdkashdakjs (size: 0, words: 0, chars: 0)
[2025-11-15 18:20:09] HANDLER: Closing connection from 127.0.0.1
[2025-11-15 18:20:09] HANDLER: New NAME SERVER connection from 127.0.0.1 (Req: 34)
[2025-11-15 18:20:09] INFO: Returning cached metadata for 18923719823712983712hbjahdbajsdjasbdjasdhjasdbjasd (size: 0, words: 0, chars: 0)
[2025-11-15 18:20:09] HANDLER: Closing connection from 127.0.0.1
[2025-11-15 18:20:28] HANDLER: New CLIENT connection from 127.0.0.1 (Req: 42)
[2025-11-15 18:20:28] WRITE: Locked file 6pm.new (sentence 2)
[2025-11-15 18:20:28] WRITE: Sentence index 2 out of range (max 0)
[2025-11-15 18:20:32] HANDLER: New CLIENT connection from 127.0.0.1 (Req: 42)
[2025-11-15 18:20:32] WRITE: Locked file 6pm.new (sentence 1)
[2025-11-15 18:20:32] WRITE: Sentence index 1 out of range (max 0)
[2025-11-15 18:20:37] HANDLER: New CLIENT connection from 127.0.0.1 (Req: 42)
[2025-11-15 18:20:37] WRITE: Locked file 6pm.new (sentence 0)
[2025-11-15 18:20:54] Updated size for 6pm.new: 28 bytes
[2025-11-15 18:20:54] Updated counts for 6pm.new: 4 words, 28 chars
[2025-11-15 18:20:54] WRITE: Updated metadata for 6pm.new (size: 28, words: 4, chars: 28)
[2025-11-15 18:20:54] WRITE: Completed for 6pm.new (sentence 0)
[2025-11-15 18:20:54] REPL: Scheduling update for 6pm.new
[2025-11-15 18:20:54] REPL: Connected to backup. Replicating update for 6pm.new...
[2025-11-15 18:20:54] REPL_IN: New incoming replication connection
[2025-11-15 18:20:54] REPL: Successfully replicated 6pm.new (28 bytes)
[2025-11-15 18:20:54] REPL_IN: Receiving replica for 6pm.new (28 bytes)
[2025-11-15 18:20:54] REPL_IN: Finished receiving 6pm.new
[2025-11-15 18:20:54] REPL: ACK received for file 6pm.new
[2025-11-15 18:20:56] HANDLER: New CLIENT connection from 127.0.0.1 (Req: 40)
[2025-11-15 18:20:56] READ: Starting read for file 6pm.new
[2025-11-15 18:20:56] READ: Full path is ss_data/files/6pm.new
[2025-11-15 18:20:56] READ: File opened successfully, starting to read chunks
[2025-11-15 18:20:56] READ: Chunk 1 - read 28 bytes, is_final=1
[2025-11-15 18:20:56] READ: Chunk 1 sent
[2025-11-15 18:20:56] READ: Read complete for 6pm.new, sent 1 chunks
[2025-11-15 18:20:56] HANDLER: Closing connection from 127.0.0.1
[2025-11-15 18:21:00] CHECKPOINT: Saving metadata to disk...
[2025-11-15 18:21:00] Saving metadata to ss_data/metadata.db (atomic snapshot)...
[2025-11-15 18:21:00] Successfully saved 51 metadata entries (atomic snapshot)
[2025-11-15 18:21:00] CHECKPOINT: Metadata saved successfully (51 entries)
[2025-11-15 18:21:06] HANDLER: New NAME SERVER connection from 127.0.0.1 (Req: 34)
[2025-11-15 18:21:06] INFO: Returning cached metadata for 6pm.new (size: 28, words: 4, chars: 28)
[2025-11-15 18:21:06] HANDLER: Closing connection from 127.0.0.1
[2025-11-15 18:21:22] HANDLER: New NAME SERVER connection from 127.0.0.1 (Req: 34)
[2025-11-15 18:21:22] INFO: Returning cached metadata for 6pm.new (size: 28, words: 4, chars: 28)
[2025-11-15 18:21:22] HANDLER: Closing connection from 127.0.0.1
[2025-11-15 18:21:22] HANDLER: New NAME SERVER connection from 127.0.0.1 (Req: 34)
[2025-11-15 18:21:22] INFO: Returning cached metadata for eqye1287y31298dhvjadbajshbdsajhbd (size: 0, words: 0, chars: 0)
[2025-11-15 18:21:22] HANDLER: Closing connection from 127.0.0.1
[2025-11-15 18:21:22] HANDLER: New NAME SERVER connection from 127.0.0.1 (Req: 34)
[2025-11-15 18:21:22] INFO: Returning cached metadata for dsjahdkjashdkasjhdash (size: 0, words: 0, chars: 0)
[2025-11-15 18:21:22] HANDLER: Closing connection from 127.0.0.1
[2025-11-15 18:21:22] HANDLER: New NAME SERVER connection from 127.0.0.1 (Req: 34)
[2025-11-15 18:21:22] INFO: Returning cached metadata for sdajhdkajhsdkasjhdaksjhdkashdakjs (size: 0, words: 0, chars: 0)
[2025-11-15 18:21:22] HANDLER: Closing connection from 127.0.0.1
[2025-11-15 18:21:22] HANDLER: New NAME SERVER connection from 127.0.0.1 (Req: 34)
[2025-11-15 18:21:22] INFO: Returning cached metadata for 18923719823712983712hbjahdbajsdjasbdjasdhjasdbjasd (size: 0, words: 0, chars: 0)
[2025-11-15 18:21:22] HANDLER: Closing connection from 127.0.0.1
[2025-11-15 18:22:00] CHECKPOINT: Saving metadata to disk...
[2025-11-15 18:22:00] Saving metadata to ss_data/metadata.db (atomic snapshot)...
[2025-11-15 18:22:00] Successfully saved 51 metadata entries (atomic snapshot)
[2025-11-15 18:22:00] CHECKPOINT: Metadata saved successfully (51 entries)
