[2025-11-21 23:49:22] --- LOGGING STARTED ---
[2025-11-21 23:49:22] MAIN: Starting Storage Server...
[2025-11-21 23:49:22] MAIN: Connected to Name Server. Performing initial registration (no local files yet loaded)...
[2025-11-21 23:49:22] MAIN: Registration complete. This SS ID is 0
[2025-11-21 23:49:22] --- LOGGING STOPPED ---
[2025-11-21 23:50:09] --- LOGGING STARTED ---
[2025-11-21 23:50:09] MAIN: Starting Storage Server...
[2025-11-21 23:50:09] MAIN: Connected to Name Server. Performing initial registration (no local files yet loaded)...
[2025-11-21 23:50:09] MAIN: Registration complete. This SS ID is 1
[2025-11-21 23:50:09] --- LOGGING STOPPED ---
[2025-11-21 23:53:16] --- LOGGING STARTED ---
[2025-11-21 23:53:16] MAIN: Starting Storage Server...
[2025-11-21 23:53:16] MAIN: Connected to Name Server. Performing initial registration (no local files yet loaded)...
[2025-11-21 23:53:16] MAIN: Registration complete. This SS ID is 0
[2025-11-21 23:53:16] --- LOGGING STOPPED ---
[2025-11-21 23:53:33] --- LOGGING STARTED ---
[2025-11-21 23:53:33] MAIN: Starting Storage Server...
[2025-11-21 23:53:33] MAIN: Connected to Name Server. Performing initial registration (no local files yet loaded)...
[2025-11-21 23:53:33] MAIN: Registration complete. This SS ID is 1
[2025-11-21 23:53:33] --- LOGGING STOPPED ---
[2025-11-21 23:54:02] --- LOGGING STARTED ---
[2025-11-21 23:54:02] MAIN: Starting Storage Server...
[2025-11-21 23:54:02] MAIN: Connected to Name Server. Performing initial registration (no local files yet loaded)...
[2025-11-21 23:54:02] MAIN: Registration complete. This SS ID is 1
[2025-11-21 23:54:02] --- LOGGING STOPPED ---
[2025-11-21 23:54:13] --- LOGGING STARTED ---
[2025-11-21 23:54:13] MAIN: Starting Storage Server...
[2025-11-21 23:54:13] MAIN: Connected to Name Server. Performing initial registration (no local files yet loaded)...
[2025-11-21 23:54:13] MAIN: Registration complete. This SS ID is 0
[2025-11-21 23:54:13] --- LOGGING STOPPED ---
[2025-11-21 23:54:27] --- LOGGING STARTED ---
[2025-11-21 23:54:27] MAIN: Starting Storage Server...
[2025-11-21 23:54:27] MAIN: Connected to Name Server. Performing initial registration (no local files yet loaded)...
[2025-11-21 23:54:27] MAIN: Registration complete. This SS ID is 1
[2025-11-21 23:54:27] --- LOGGING STOPPED ---
[2025-11-21 23:54:44] --- LOGGING STARTED ---
[2025-11-21 23:54:44] MAIN: Starting Storage Server...
[2025-11-21 23:54:44] MAIN: Connected to Name Server. Performing initial registration (no local files yet loaded)...
[2025-11-21 23:54:44] MAIN: Registration complete. This SS ID is 0
[2025-11-21 23:54:44] --- LOGGING STOPPED ---
